2026-05-28 14:43:03,324 INFO o.a.j.u.JMeterUtils: Setting Locale to en_EN
2026-05-28 14:43:03,348 INFO o.a.j.JMeter: Loading user properties from: D:\apache-jmeter-5.6.3\bin\user.properties
2026-05-28 14:43:03,349 INFO o.a.j.JMeter: Loading system properties from: D:\apache-jmeter-5.6.3\bin\system.properties
2026-05-28 14:43:03,357 INFO o.a.j.JMeter: Copyright (c) 1998-2024 The Apache Software Foundation
2026-05-28 14:43:03,357 INFO o.a.j.JMeter: Version 5.6.3
2026-05-28 14:43:03,357 INFO o.a.j.JMeter: java.version=21.0.10
2026-05-28 14:43:03,358 INFO o.a.j.JMeter: java.vm.name=Java HotSpot(TM) 64-Bit Server VM
2026-05-28 14:43:03,358 INFO o.a.j.JMeter: os.name=Windows 11
2026-05-28 14:43:03,358 INFO o.a.j.JMeter: os.arch=amd64
2026-05-28 14:43:03,358 INFO o.a.j.JMeter: os.version=10.0
2026-05-28 14:43:03,358 INFO o.a.j.JMeter: file.encoding=UTF-8
2026-05-28 14:43:03,358 INFO o.a.j.JMeter: java.awt.headless=true
2026-05-28 14:43:03,358 INFO o.a.j.JMeter: Max memory     =1073741824
2026-05-28 14:43:03,358 INFO o.a.j.JMeter: Available Processors =8
2026-05-28 14:43:03,369 INFO o.a.j.JMeter: Default Locale=English (EN)
2026-05-28 14:43:03,369 INFO o.a.j.JMeter: JMeter  Locale=English (EN)
2026-05-28 14:43:03,369 INFO o.a.j.JMeter: JMeterHome=D:\apache-jmeter-5.6.3
2026-05-28 14:43:03,369 INFO o.a.j.JMeter: user.dir  =C:\Users\aditi\Desktop\Sprint_Project_AditiN\Automated_Testing
2026-05-28 14:43:03,371 INFO o.a.j.JMeter: PWD       =C:\Users\aditi\Desktop\Sprint_Project_AditiN\Automated_Testing
2026-05-28 14:43:03,371 INFO o.a.j.JMeter: IP: 192.168.1.5 Name: LAPTOP-3G1IFM13 FullName: LAPTOP-3G1IFM13
2026-05-28 14:43:03,378 INFO o.a.j.JMeter: Setting property 'jmeter.reportgenerator.outputdir' to:'C:\Users\aditi\Desktop\Sprint_Project_AditiN\Automated_Testing\performance_testing\results\html-report'
2026-05-28 14:43:03,378 INFO o.a.j.s.FileServer: Default base='C:\Users\aditi\Desktop\Sprint_Project_AditiN\Automated_Testing'
2026-05-28 14:43:03,386 INFO o.a.j.s.FileServer: Set new base='C:\Users\aditi\Desktop\Sprint_Project_AditiN\Automated_Testing\performance_testing'
2026-05-28 14:43:03,575 INFO o.a.j.s.SaveService: Testplan (JMX) version: 2.2. Testlog (JTL) version: 2.2
2026-05-28 14:43:03,601 INFO o.a.j.s.SaveService: Using SaveService properties version 5.0
2026-05-28 14:43:03,603 INFO o.a.j.s.SaveService: Using SaveService properties file encoding UTF-8
2026-05-28 14:43:03,603 INFO o.a.j.s.SaveService: Loading file: performance_testing\api_test.jmx
2026-05-28 14:43:03,647 INFO o.a.j.p.h.s.HTTPSamplerBase: Parser for text/html is org.apache.jmeter.protocol.http.parser.LagartoBasedHtmlParser
2026-05-28 14:43:03,647 INFO o.a.j.p.h.s.HTTPSamplerBase: Parser for application/xhtml+xml is org.apache.jmeter.protocol.http.parser.LagartoBasedHtmlParser
2026-05-28 14:43:03,647 INFO o.a.j.p.h.s.HTTPSamplerBase: Parser for application/xml is org.apache.jmeter.protocol.http.parser.LagartoBasedHtmlParser
2026-05-28 14:43:03,647 INFO o.a.j.p.h.s.HTTPSamplerBase: Parser for text/xml is org.apache.jmeter.protocol.http.parser.LagartoBasedHtmlParser
2026-05-28 14:43:03,647 INFO o.a.j.p.h.s.HTTPSamplerBase: Parser for text/vnd.wap.wml is org.apache.jmeter.protocol.http.parser.RegexpHTMLParser
2026-05-28 14:43:03,647 INFO o.a.j.p.h.s.HTTPSamplerBase: Parser for text/css is org.apache.jmeter.protocol.http.parser.CssParser
2026-05-28 14:43:03,694 INFO o.a.j.JMeter: Creating summariser <summary>
2026-05-28 14:43:03,697 INFO o.a.j.r.d.ReportGenerator: ReportGenerator will use for Parsing the separator: ','
2026-05-28 14:43:03,697 INFO o.a.j.r.d.ReportGenerator: Will generate report at end of test from  results file: performance_testing/results/results.jtl
2026-05-28 14:43:03,698 INFO o.a.j.r.d.ReportGenerator: Reading report generator properties from: D:\apache-jmeter-5.6.3\bin\reportgenerator.properties
2026-05-28 14:43:03,698 INFO o.a.j.r.d.ReportGenerator: Merging with JMeter properties
2026-05-28 14:43:03,701 INFO o.a.j.r.c.ReportGeneratorConfiguration: Property 'jmeter.reportgenerator.temp_dir' not found, using default value 'temp' instead.
2026-05-28 14:43:03,703 INFO o.a.j.r.c.ReportGeneratorConfiguration: Property 'jmeter.reportgenerator.apdex_per_transaction' not found, using default value 'null' instead.
2026-05-28 14:43:03,704 INFO o.a.j.r.c.ReportGeneratorConfiguration: apdex_per_transaction is empty, not APDEX per transaction customization
2026-05-28 14:43:03,704 INFO o.a.j.r.c.ReportGeneratorConfiguration: Property 'jmeter.reportgenerator.sample_filter' not found, using default value 'null' instead.
2026-05-28 14:43:03,704 INFO o.a.j.r.c.ReportGeneratorConfiguration: Property 'jmeter.reportgenerator.report_title' not found, using default value 'null' instead.
2026-05-28 14:43:03,704 INFO o.a.j.r.c.ReportGeneratorConfiguration: Property 'jmeter.reportgenerator.start_date' not found, using default value 'null' instead.
2026-05-28 14:43:03,704 INFO o.a.j.r.c.ReportGeneratorConfiguration: Property 'jmeter.reportgenerator.end_date' not found, using default value 'null' instead.
2026-05-28 14:43:03,704 INFO o.a.j.r.c.ReportGeneratorConfiguration: Property 'jmeter.reportgenerator.date_format' not found, using default value 'null' instead.
2026-05-28 14:43:03,704 INFO o.a.j.r.c.ReportGeneratorConfiguration: Will use date range start date: null, end date: null
2026-05-28 14:43:03,710 INFO o.a.j.r.c.ReportGeneratorConfiguration: Property 'jmeter.reportgenerator.graph.totalTPS.exclude_controllers' not found, using default value 'false' instead.
2026-05-28 14:43:03,711 INFO o.a.j.r.c.ReportGeneratorConfiguration: Property 'jmeter.reportgenerator.graph.activeThreadsOverTime.exclude_controllers' not found, using default value 'false' instead.
2026-05-28 14:43:03,711 INFO o.a.j.r.c.ReportGeneratorConfiguration: Property 'jmeter.reportgenerator.graph.timeVsThreads.exclude_controllers' not found, using default value 'false' instead.
2026-05-28 14:43:03,711 INFO o.a.j.r.c.ReportGeneratorConfiguration: Property 'jmeter.reportgenerator.graph.responseTimeDistribution.exclude_controllers' not found, using default value 'false' instead.
2026-05-28 14:43:03,711 INFO o.a.j.r.c.ReportGeneratorConfiguration: Property 'jmeter.reportgenerator.graph.transactionsPerSecond.exclude_controllers' not found, using default value 'false' instead.
2026-05-28 14:43:03,711 INFO o.a.j.r.c.ReportGeneratorConfiguration: Property 'jmeter.reportgenerator.graph.responseTimePercentiles.exclude_controllers' not found, using default value 'false' instead.
2026-05-28 14:43:03,711 INFO o.a.j.r.c.ReportGeneratorConfiguration: Property 'jmeter.reportgenerator.graph.responseTimePercentilesOverTime.exclude_controllers' not found, using default value 'false' instead.
2026-05-28 14:43:03,711 INFO o.a.j.r.c.ReportGeneratorConfiguration: Property 'jmeter.reportgenerator.graph.responseTimesOverTime.exclude_controllers' not found, using default value 'false' instead.
2026-05-28 14:43:03,711 INFO o.a.j.r.c.ReportGeneratorConfiguration: Property 'jmeter.reportgenerator.graph.connectTimeOverTime.exclude_controllers' not found, using default value 'false' instead.
2026-05-28 14:43:03,712 INFO o.a.j.r.c.ReportGeneratorConfiguration: Property 'jmeter.reportgenerator.graph.latenciesOverTime.exclude_controllers' not found, using default value 'false' instead.
2026-05-28 14:43:03,713 INFO o.a.j.r.c.ReportGeneratorConfiguration: Property 'jmeter.reportgenerator.exporter.json.filters_only_sample_series' not found, using default value 'true' instead.
2026-05-28 14:43:03,713 INFO o.a.j.r.c.ReportGeneratorConfiguration: Property 'jmeter.reportgenerator.exporter.json.series_filter' not found, using default value '' instead.
2026-05-28 14:43:03,713 INFO o.a.j.r.c.ReportGeneratorConfiguration: Property 'jmeter.reportgenerator.exporter.json.show_controllers_only' not found, using default value 'false' instead.
2026-05-28 14:43:03,713 INFO o.a.j.r.c.ReportGeneratorConfiguration: Property 'jmeter.reportgenerator.exporter.html.filters_only_sample_series' not found, using default value 'true' instead.
2026-05-28 14:43:03,713 INFO o.a.j.r.c.ReportGeneratorConfiguration: Property 'jmeter.reportgenerator.exporter.html.series_filter' not found, using default value '' instead.
2026-05-28 14:43:03,713 INFO o.a.j.r.c.ReportGeneratorConfiguration: Property 'jmeter.reportgenerator.exporter.html.show_controllers_only' not found, using default value 'false' instead.
2026-05-28 14:43:03,724 INFO o.a.j.e.StandardJMeterEngine: Running the test!
2026-05-28 14:43:03,725 INFO o.a.j.s.SampleEvent: List of sample_variables: []
2026-05-28 14:43:03,725 INFO o.a.j.s.SampleEvent: List of sample_variables: []
2026-05-28 14:43:03,729 INFO o.a.j.e.u.CompoundVariable: Note: Function class names must contain the string: '.functions.'
2026-05-28 14:43:03,729 INFO o.a.j.e.u.CompoundVariable: Note: Function class names must not contain the string: '.gui.'
2026-05-28 14:43:03,804 INFO o.a.j.JMeter: Running test (1779959583804)
2026-05-28 14:43:03,820 INFO o.a.j.e.StandardJMeterEngine: Starting ThreadGroup: 1 : Notes API Thread Group
2026-05-28 14:43:03,820 INFO o.a.j.e.StandardJMeterEngine: Starting 10 threads for group Notes API Thread Group.
2026-05-28 14:43:03,820 INFO o.a.j.e.StandardJMeterEngine: Thread will continue on error
2026-05-28 14:43:03,820 INFO o.a.j.t.ThreadGroup: Starting thread group... number=1 threads=10 ramp-up=10 delayedStart=false
2026-05-28 14:43:03,832 INFO o.a.j.t.ThreadGroup: Started thread group number 1
2026-05-28 14:43:03,832 INFO o.a.j.e.StandardJMeterEngine: All thread groups have been started
2026-05-28 14:43:03,878 INFO o.a.j.t.JMeterThread: Thread started: Notes API Thread Group 1-1
2026-05-28 14:43:03,880 INFO o.a.j.s.FileServer: Stored: performance_testing/users.csv
2026-05-28 14:43:03,904 INFO o.a.j.p.h.s.HTTPHCAbstractImpl: Local host = LAPTOP-3G1IFM13
2026-05-28 14:43:03,909 INFO o.a.j.p.h.s.HTTPHC4Impl: HTTP request retry count = 0
2026-05-28 14:43:03,911 INFO o.a.j.s.SampleResult: Note: Sample TimeStamps are START times
2026-05-28 14:43:03,911 INFO o.a.j.s.SampleResult: sampleresult.default.encoding is set to UTF-8
2026-05-28 14:43:03,911 INFO o.a.j.s.SampleResult: sampleresult.useNanoTime=true
2026-05-28 14:43:03,911 INFO o.a.j.s.SampleResult: sampleresult.nanoThreadSleep=5000
2026-05-28 14:43:04,211 INFO o.a.j.p.h.s.h.LazyLayeredConnectionSocketFactory: Setting up HTTPS TrustAll Socket Factory
2026-05-28 14:43:04,216 INFO o.a.j.u.JsseSSLManager: Using default SSL protocol: TLS
2026-05-28 14:43:04,216 INFO o.a.j.u.JsseSSLManager: SSL session context: per-thread
2026-05-28 14:43:04,355 INFO o.a.j.u.SSLManager: JmeterKeyStore Location:  type JKS
2026-05-28 14:43:04,359 INFO o.a.j.u.SSLManager: KeyStore created OK
2026-05-28 14:43:04,359 WARN o.a.j.u.SSLManager: Keystore file not found, loading empty keystore
2026-05-28 14:43:04,877 INFO o.a.j.t.JMeterThread: Thread started: Notes API Thread Group 1-2
2026-05-28 14:43:05,430 INFO o.a.j.r.Summariser: summary +      1 in 00:00:02 =    0.6/s Avg:  1444 Min:  1444 Max:  1444 Err:     0 (0.00%) Active: 2 Started: 2 Finished: 0
2026-05-28 14:43:05,879 INFO o.a.j.t.JMeterThread: Thread started: Notes API Thread Group 1-3
2026-05-28 14:43:06,880 INFO o.a.j.t.JMeterThread: Thread started: Notes API Thread Group 1-4
2026-05-28 14:43:07,873 INFO o.a.j.t.JMeterThread: Thread started: Notes API Thread Group 1-5
2026-05-28 14:43:08,636 INFO o.a.j.t.JMeterThread: Thread is done: Notes API Thread Group 1-1
2026-05-28 14:43:08,637 INFO o.a.j.t.JMeterThread: Thread finished: Notes API Thread Group 1-1
2026-05-28 14:43:08,660 INFO o.a.j.t.JMeterThread: Thread is done: Notes API Thread Group 1-2
2026-05-28 14:43:08,661 INFO o.a.j.t.JMeterThread: Thread finished: Notes API Thread Group 1-2
2026-05-28 14:43:08,874 INFO o.a.j.t.JMeterThread: Thread started: Notes API Thread Group 1-6
2026-05-28 14:43:09,871 INFO o.a.j.t.JMeterThread: Thread started: Notes API Thread Group 1-7
2026-05-28 14:43:09,890 INFO o.a.j.t.JMeterThread: Thread is done: Notes API Thread Group 1-3
2026-05-28 14:43:09,890 INFO o.a.j.t.JMeterThread: Thread finished: Notes API Thread Group 1-3
2026-05-28 14:43:10,870 INFO o.a.j.t.JMeterThread: Thread started: Notes API Thread Group 1-8
2026-05-28 14:43:11,268 INFO o.a.j.t.JMeterThread: Thread is done: Notes API Thread Group 1-4
2026-05-28 14:43:11,269 INFO o.a.j.t.JMeterThread: Thread finished: Notes API Thread Group 1-4
2026-05-28 14:43:11,870 INFO o.a.j.t.JMeterThread: Thread started: Notes API Thread Group 1-9
2026-05-28 14:43:11,999 INFO o.a.j.t.JMeterThread: Thread is done: Notes API Thread Group 1-5
2026-05-28 14:43:12,000 INFO o.a.j.t.JMeterThread: Thread finished: Notes API Thread Group 1-5
2026-05-28 14:43:12,870 INFO o.a.j.t.JMeterThread: Thread started: Notes API Thread Group 1-10
2026-05-28 14:43:13,038 INFO o.a.j.t.JMeterThread: Thread is done: Notes API Thread Group 1-6
2026-05-28 14:43:13,038 INFO o.a.j.t.JMeterThread: Thread finished: Notes API Thread Group 1-6
2026-05-28 14:43:14,047 INFO o.a.j.t.JMeterThread: Thread is done: Notes API Thread Group 1-7
2026-05-28 14:43:14,047 INFO o.a.j.t.JMeterThread: Thread finished: Notes API Thread Group 1-7
2026-05-28 14:43:14,760 INFO o.a.j.t.JMeterThread: Thread is done: Notes API Thread Group 1-8
2026-05-28 14:43:14,760 INFO o.a.j.t.JMeterThread: Thread finished: Notes API Thread Group 1-8
2026-05-28 14:43:16,156 INFO o.a.j.t.JMeterThread: Thread is done: Notes API Thread Group 1-9
2026-05-28 14:43:16,156 INFO o.a.j.t.JMeterThread: Thread finished: Notes API Thread Group 1-9
2026-05-28 14:43:16,931 INFO o.a.j.t.JMeterThread: Thread is done: Notes API Thread Group 1-10
2026-05-28 14:43:16,931 INFO o.a.j.t.JMeterThread: Thread finished: Notes API Thread Group 1-10
2026-05-28 14:43:16,931 INFO o.a.j.e.StandardJMeterEngine: Notifying test listeners of end of test
2026-05-28 14:43:16,931 INFO o.a.j.s.FileServer: Close: performance_testing/users.csv
2026-05-28 14:43:16,931 INFO o.a.j.r.Summariser: summary +     89 in 00:00:12 =    7.7/s Avg:   448 Min:   302 Max:   916 Err:     0 (0.00%) Active: 0 Started: 10 Finished: 10
2026-05-28 14:43:16,931 INFO o.a.j.r.Summariser: summary =     90 in 00:00:13 =    6.9/s Avg:   459 Min:   302 Max:  1444 Err:     0 (0.00%)
2026-05-28 14:43:16,931 INFO o.a.j.JMeter: Generating Dashboard
2026-05-28 14:43:16,931 INFO o.a.j.r.d.ReportGenerator: Flushing result collector before report Generation
2026-05-28 14:43:16,962 INFO o.a.j.r.p.NormalizerSampleConsumer: Using format, 'ms', to parse timeStamp field
2026-05-28 14:43:17,047 INFO o.a.j.r.p.AbstractSampleConsumer: class org.apache.jmeter.report.processor.AggregateConsumer#stopProducing(): beginDate produced 0 samples
2026-05-28 14:43:17,047 INFO o.a.j.r.p.AbstractSampleConsumer: class org.apache.jmeter.report.processor.AggregateConsumer#stopProducing(): endDate produced 0 samples
2026-05-28 14:43:17,054 INFO o.a.j.r.p.AbstractSampleConsumer: class org.apache.jmeter.report.processor.ApdexSummaryConsumer#stopProducing(): apdexSummary produced 0 samples
2026-05-28 14:43:17,054 INFO o.a.j.r.p.AbstractSampleConsumer: class org.apache.jmeter.report.processor.RequestsSummaryConsumer#stopProducing(): requestsSummary produced 0 samples
2026-05-28 14:43:17,056 INFO o.a.j.r.p.AbstractSampleConsumer: class org.apache.jmeter.report.processor.StatisticsSummaryConsumer#stopProducing(): statisticsSummary produced 0 samples
2026-05-28 14:43:17,056 INFO o.a.j.r.p.AbstractSampleConsumer: class org.apache.jmeter.report.processor.Top5ErrorsBySamplerConsumer#stopProducing(): top5ErrorsBySampler produced 0 samples
2026-05-28 14:43:17,056 INFO o.a.j.r.p.AbstractSampleConsumer: class org.apache.jmeter.report.processor.ErrorsSummaryConsumer#stopProducing(): errorsSummary produced 0 samples
2026-05-28 14:43:17,056 INFO o.a.j.r.p.AbstractSampleConsumer: class org.apache.jmeter.report.processor.graph.impl.HitsPerSecondGraphConsumer#stopProducing(): hitsPerSecond produced 0 samples
2026-05-28 14:43:17,068 INFO o.a.j.r.p.AbstractSampleConsumer: class org.apache.jmeter.report.processor.graph.impl.LatencyVSRequestGraphConsumer#stopProducing(): latencyVsRequest produced 0 samples
2026-05-28 14:43:17,068 INFO o.a.j.r.p.AbstractSampleConsumer: class org.apache.jmeter.report.processor.graph.impl.SyntheticResponseTimeDistributionGraphConsumer#stopProducing(): syntheticResponseTimeDistribution produced 0 samples
2026-05-28 14:43:17,068 INFO o.a.j.r.p.AbstractSampleConsumer: class org.apache.jmeter.report.processor.graph.impl.BytesThroughputGraphConsumer#stopProducing(): bytesThroughputOverTime produced 0 samples
2026-05-28 14:43:17,068 INFO o.a.j.r.p.AbstractSampleConsumer: class org.apache.jmeter.report.processor.graph.impl.CodesPerSecondGraphConsumer#stopProducing(): codesPerSecond produced 0 samples
2026-05-28 14:43:17,072 INFO o.a.j.r.p.AbstractSampleConsumer: class org.apache.jmeter.report.processor.graph.impl.ResponseTimeVSRequestGraphConsumer#stopProducing(): responseTimeVsRequest produced 0 samples
2026-05-28 14:43:17,072 INFO o.a.j.r.p.AbstractSampleConsumer: class org.apache.jmeter.report.processor.FilterConsumer#stopProducing(): startIntervalControlerFilter produced 630 samples
2026-05-28 14:43:17,072 INFO o.a.j.r.p.AbstractSampleConsumer: class org.apache.jmeter.report.processor.graph.impl.TotalTPSGraphConsumer#stopProducing(): totalTPS produced 0 samples
2026-05-28 14:43:17,075 INFO o.a.j.r.p.AbstractSampleConsumer: class org.apache.jmeter.report.processor.graph.impl.ActiveThreadsGraphConsumer#stopProducing(): activeThreadsOverTime produced 0 samples
2026-05-28 14:43:17,075 INFO o.a.j.r.p.AbstractSampleConsumer: class org.apache.jmeter.report.processor.graph.impl.TimeVSThreadGraphConsumer#stopProducing(): timeVsThreads produced 0 samples
2026-05-28 14:43:17,075 INFO o.a.j.r.p.AbstractSampleConsumer: class org.apache.jmeter.report.processor.graph.impl.ResponseTimeDistributionGraphConsumer#stopProducing(): responseTimeDistribution produced 0 samples
2026-05-28 14:43:17,075 INFO o.a.j.r.p.AbstractSampleConsumer: class org.apache.jmeter.report.processor.graph.impl.TransactionsPerSecondGraphConsumer#stopProducing(): transactionsPerSecond produced 0 samples
2026-05-28 14:43:17,075 INFO o.a.j.r.p.AbstractSampleConsumer: class org.apache.jmeter.report.processor.graph.impl.ResponseTimePercentilesGraphConsumer#stopProducing(): responseTimePercentiles produced 0 samples
2026-05-28 14:43:17,075 INFO o.a.j.r.p.AbstractSampleConsumer: class org.apache.jmeter.report.processor.graph.impl.ResponseTimePercentilesOverTimeGraphConsumer#stopProducing(): responseTimePercentilesOverTime produced 0 samples
2026-05-28 14:43:17,075 INFO o.a.j.r.p.AbstractSampleConsumer: class org.apache.jmeter.report.processor.graph.impl.ResponseTimeOverTimeGraphConsumer#stopProducing(): responseTimesOverTime produced 0 samples
2026-05-28 14:43:17,075 INFO o.a.j.r.p.AbstractSampleConsumer: class org.apache.jmeter.report.processor.graph.impl.ConnectTimeOverTimeGraphConsumer#stopProducing(): connectTimeOverTime produced 0 samples
2026-05-28 14:43:17,075 INFO o.a.j.r.p.AbstractSampleConsumer: class org.apache.jmeter.report.processor.graph.impl.LatencyOverTimeGraphConsumer#stopProducing(): latenciesOverTime produced 0 samples
2026-05-28 14:43:17,075 INFO o.a.j.r.p.AbstractSampleConsumer: class org.apache.jmeter.report.processor.FilterConsumer#stopProducing(): nameFilter produced 1350 samples
2026-05-28 14:43:17,075 INFO o.a.j.r.p.AbstractSampleConsumer: class org.apache.jmeter.report.processor.FilterConsumer#stopProducing(): dateRangeFilter produced 270 samples
2026-05-28 14:43:17,075 INFO o.a.j.r.p.AbstractSampleConsumer: class org.apache.jmeter.report.processor.NormalizerSampleConsumer#stopProducing(): normalizer produced 90 samples
2026-05-28 14:43:17,077 INFO o.a.j.r.p.CsvFileSampleSource: produce(): 90 samples produced in 75ms on channel 0
2026-05-28 14:43:17,077 INFO o.a.j.r.d.ReportGenerator: Exporting data using exporter:'json' of className:'org.apache.jmeter.report.dashboard.JsonExporter'
2026-05-28 14:43:17,135 INFO o.a.j.r.d.JsonExporter: Found data for consumer statisticsSummary in context
2026-05-28 14:43:17,135 INFO o.a.j.r.d.JsonExporter: Creating statistics for overall
2026-05-28 14:43:17,136 INFO o.a.j.r.d.JsonExporter: Creating statistics for other transactions
2026-05-28 14:43:17,136 INFO o.a.j.r.d.JsonExporter: Checking output folder
2026-05-28 14:43:17,136 INFO o.a.j.r.d.JsonExporter: Writing statistics JSON to C:\Users\aditi\Desktop\Sprint_Project_AditiN\Automated_Testing\performance_testing\results\html-report\statistics.json
2026-05-28 14:43:17,176 INFO o.a.j.r.d.ReportGenerator: Exporting data using exporter:'html' of className:'org.apache.jmeter.report.dashboard.HtmlTemplateExporter'
2026-05-28 14:43:17,176 INFO o.a.j.r.d.HtmlTemplateExporter: Will generate dashboard in folder: C:\Users\aditi\Desktop\Sprint_Project_AditiN\Automated_Testing\performance_testing\results\html-report
2026-05-28 14:43:17,295 INFO o.a.j.r.d.HtmlTemplateExporter: Report will be generated in: C:\Users\aditi\Desktop\Sprint_Project_AditiN\Automated_Testing\performance_testing\results\html-report, creating folder structure
2026-05-28 14:43:17,299 INFO o.a.j.r.d.TemplateVisitor: Copying folder from 'D:\apache-jmeter-5.6.3\bin\report-template' to 'C:\Users\aditi\Desktop\Sprint_Project_AditiN\Automated_Testing\performance_testing\results\html-report', got message: C:\Users\aditi\Desktop\Sprint_Project_AditiN\Automated_Testing\performance_testing\results\html-report, found non empty folder with following content [C:\Users\aditi\Desktop\Sprint_Project_AditiN\Automated_Testing\performance_testing\results\html-report\statistics.json], will be ignored
2026-05-28 14:43:17,634 INFO o.a.j.JMeter: Dashboard generated
